08:39:00 **** Incremental Build of configuration Debug for project test ****
make -j12 all 
arm-none-eabi-gcc -o "test.elf" @"objects.list"  -Wl,--start-group -lLibraries -Wl,--end-group -mcpu=cortex-m0 -T"C:\Users\TUAN ANH\STM32CubeIDE\workspace_1.7.0\test\STM32F030R8TX_FLASH.ld" --specs=nosys.specs -Wl,-Map="test.map" -Wl,--gc-sections -static -L"E:\HK2_Nam3\TTCS_THoa\SDK_1.0.3_NUCLEO-F401RE-20260119T004621Z-1-002\SDK_1.0.3_NUCLEO-F401RE\lib_stm" --specs=nano.specs -mfloat-abi=soft -mthumb -Wl,--start-group -lc -lm -Wl,--end-group
c:\st\stm32cubeide_1.7.0\stm32cubeide\plugins\com.st.stm32cube.ide.mcu.externaltools.gnu-tools-for-stm32.9-2020-q2-update.win32_2.0.0.202105311346\tools\arm-none-eabi\bin\ld.exe: error: E:\HK2_Nam3\TTCS_THoa\SDK_1.0.3_NUCLEO-F401RE-20260119T004621Z-1-002\SDK_1.0.3_NUCLEO-F401RE\lib_stm\libLibraries.a(timer.o) uses VFP register arguments, test.elf does not
c:\st\stm32cubeide_1.7.0\stm32cubeide\plugins\com.st.stm32cube.ide.mcu.externaltools.gnu-tools-for-stm32.9-2020-q2-update.win32_2.0.0.202105311346\tools\arm-none-eabi\bin\ld.exe: failed to merge target specific data of file E:\HK2_Nam3\TTCS_THoa\SDK_1.0.3_NUCLEO-F401RE-20260119T004621Z-1-002\SDK_1.0.3_NUCLEO-F401RE\lib_stm\libLibraries.a(timer.o)
c:\st\stm32cubeide_1.7.0\stm32cubeide\plugins\com.st.stm32cube.ide.mcu.externaltools.gnu-tools-for-stm32.9-2020-q2-update.win32_2.0.0.202105311346\tools\arm-none-eabi\bin\ld.exe: error: E:\HK2_Nam3\TTCS_THoa\SDK_1.0.3_NUCLEO-F401RE-20260119T004621Z-1-002\SDK_1.0.3_NUCLEO-F401RE\lib_stm\libLibraries.a(ucg_box.o) uses VFP register arguments, test.elf does not
c:\st\stm32cubeide_1.7.0\stm32cubeide\plugins\com.st.stm32cube.ide.mcu.externaltools.gnu-tools-for-stm32.9-2020-q2-update.win32_2.0.0.202105311346\tools\arm-none-eabi\bin\ld.exe: failed to merge target specific data of file E:\HK2_Nam3\TTCS_THoa\SDK_1.0.3_NUCLEO-F401RE-20260119T004621Z-1-002\SDK_1.0.3_NUCLEO-F401RE\lib_stm\libLibraries.a(ucg_box.o)
c:\st\stm32cubeide_1.7.0\stm32cubeide\plugins\com.st.stm32cube.ide.mcu.externaltools.gnu-tools-for-stm32.9-2020-q2-update.win32_2.0.0.202105311346\tools\arm-none-eabi\bin\ld.exe: error: E:\HK2_Nam3\TTCS_THoa\SDK_1.0.3_NUCLEO-F401RE-20260119T004621Z-1-002\SDK_1.0.3_NUCLEO-F401RE\lib_stm\libLibraries.a(ucg_ccs.o) uses VFP register arguments, test.elf does not
c:\st\stm32cubeide_1.7.0\stm32cubeide\plugins\com.st.stm32cube.ide.mcu.externaltools.gnu-tools-for-stm32.9-2020-q2-update.win32_2.0.0.202105311346\tools\arm-none-eabi\bin\ld.exe: failed to merge target specific data of file E:\HK2_Nam3\TTCS_THoa\SDK_1.0.3_NUCLEO-F401RE-20260119T004621Z-1-002\SDK_1.0.3_NUCLEO-F401RE\lib_stm\libLibraries.a(ucg_ccs.o)
c:\st\stm32cubeide_1.7.0\stm32cubeide\plugins\com.st.stm32cube.ide.mcu.externaltools.gnu-tools-for-stm32.9-2020-q2-update.win32_2.0.0.202105311346\tools\arm-none-eabi\bin\ld.exe: error: E:\HK2_Nam3\TTCS_THoa\SDK_1.0.3_NUCLEO-F401RE-20260119T004621Z-1-002\SDK_1.0.3_NUCLEO-F401RE\lib_stm\libLibraries.a(ucg_circle.o) uses VFP register arguments, test.elf does not
c:\st\stm32cubeide_1.7.0\stm32cubeide\plugins\com.st.stm32cube.ide.mcu.externaltools.gnu-tools-for-stm32.9-2020-q2-update.win32_2.0.0.202105311346\tools\arm-none-eabi\bin\ld.exe: failed to merge target specific data of file E:\HK2_Nam3\TTCS_THoa\SDK_1.0.3_NUCLEO-F401RE-20260119T004621Z-1-002\SDK_1.0.3_NUCLEO-F401RE\lib_stm\libLibraries.a(ucg_circle.o)
c:\st\stm32cubeide_1.7.0\stm32cubeide\plugins\com.st.stm32cube.ide.mcu.externaltools.gnu-tools-for-stm32.9-2020-q2-update.win32_2.0.0.202105311346\tools\arm-none-eabi\bin\ld.exe: error: E:\HK2_Nam3\TTCS_THoa\SDK_1.0.3_NUCLEO-F401RE-20260119T004621Z-1-002\SDK_1.0.3_NUCLEO-F401RE\lib_stm\libLibraries.a(ucg_dev_msg_api.o) uses VFP register arguments, test.elf does not
c:\st\stm32cubeide_1.7.0\stm32cubeide\plugins\com.st.stm32cube.ide.mcu.externaltools.gnu-tools-for-stm32.9-2020-q2-update.win32_2.0.0.202105311346\tools\arm-none-eabi\bin\ld.exe: failed to merge target specific data of file E:\HK2_Nam3\TTCS_THoa\SDK_1.0.3_NUCLEO-F401RE-20260119T004621Z-1-002\SDK_1.0.3_NUCLEO-F401RE\lib_stm\libLibraries.a(ucg_dev_msg_api.o)
c:\st\stm32cubeide_1.7.0\stm32cubeide\plugins\com.st.stm32cube.ide.mcu.externaltools.gnu-tools-for-stm32.9-2020-q2-update.win32_2.0.0.202105311346\tools\arm-none-eabi\bin\ld.exe: error: E:\HK2_Nam3\TTCS_THoa\SDK_1.0.3_NUCLEO-F401RE-20260119T004621Z-1-002\SDK_1.0.3_NUCLEO-F401RE\lib_stm\libLibraries.a(ucg_font.o) uses VFP register arguments, test.elf does not
c:\st\stm32cubeide_1.7.0\stm32cubeide\plugins\com.st.stm32cube.ide.mcu.externaltools.gnu-tools-for-stm32.9-2020-q2-update.win32_2.0.0.202105311346\tools\arm-none-eabi\bin\ld.exe: failed to merge target specific data of file E:\HK2_Nam3\TTCS_THoa\SDK_1.0.3_NUCLEO-F401RE-20260119T004621Z-1-002\SDK_1.0.3_NUCLEO-F401RE\lib_stm\libLibraries.a(ucg_font.o)
c:\st\stm32cubeide_1.7.0\stm32cubeide\plugins\com.st.stm32cube.ide.mcu.externaltools.gnu-tools-for-stm32.9-2020-q2-update.win32_2.0.0.202105311346\tools\arm-none-eabi\bin\ld.exe: error: E:\HK2_Nam3\TTCS_THoa\SDK_1.0.3_NUCLEO-F401RE-20260119T004621Z-1-002\SDK_1.0.3_NUCLEO-F401RE\lib_stm\libLibraries.a(ucg_line.o) uses VFP register arguments, test.elf does not
c:\st\stm32cubeide_1.7.0\stm32cubeide\plugins\com.st.stm32cube.ide.mcu.externaltools.gnu-tools-for-stm32.9-2020-q2-update.win32_2.0.0.202105311346\tools\arm-none-eabi\bin\ld.exe: failed to merge target specific data of file E:\HK2_Nam3\TTCS_THoa\SDK_1.0.3_NUCLEO-F401RE-20260119T004621Z-1-002\SDK_1.0.3_NUCLEO-F401RE\lib_stm\libLibraries.a(ucg_line.o)
c:\st\stm32cubeide_1.7.0\stm32cubeide\plugins\com.st.stm32cube.ide.mcu.externaltools.gnu-tools-for-stm32.9-2020-q2-update.win32_2.0.0.202105311346\tools\arm-none-eabi\bin\ld.exe: error: E:\HK2_Nam3\TTCS_THoa\SDK_1.0.3_NUCLEO-F401RE-20260119T004621Z-1-002\SDK_1.0.3_NUCLEO-F401RE\lib_stm\libLibraries.a(ucg_pixel.o) uses VFP register arguments, test.elf does not
c:\st\stm32cubeide_1.7.0\stm32cubeide\plugins\com.st.stm32cube.ide.mcu.externaltools.gnu-tools-for-stm32.9-2020-q2-update.win32_2.0.0.202105311346\tools\arm-none-eabi\bin\ld.exe: failed to merge target specific data of file E:\HK2_Nam3\TTCS_THoa\SDK_1.0.3_NUCLEO-F401RE-20260119T004621Z-1-002\SDK_1.0.3_NUCLEO-F401RE\lib_stm\libLibraries.a(ucg_pixel.o)
c:\st\stm32cubeide_1.7.0\stm32cubeide\plugins\com.st.stm32cube.ide.mcu.externaltools.gnu-tools-for-stm32.9-2020-q2-update.win32_2.0.0.202105311346\tools\arm-none-eabi\bin\ld.exe: error: E:\HK2_Nam3\TTCS_THoa\SDK_1.0.3_NUCLEO-F401RE-20260119T004621Z-1-002\SDK_1.0.3_NUCLEO-F401RE\lib_stm\libLibraries.a(ucg_pixel_font_data.o) uses VFP register arguments, test.elf does not
c:\st\stm32cubeide_1.7.0\stm32cubeide\plugins\com.st.stm32cube.ide.mcu.externaltools.gnu-tools-for-stm32.9-2020-q2-update.win32_2.0.0.202105311346\tools\arm-none-eabi\bin\ld.exe: failed to merge target specific data of file E:\HK2_Nam3\TTCS_THoa\SDK_1.0.3_NUCLEO-F401RE-20260119T004621Z-1-002\SDK_1.0.3_NUCLEO-F401RE\lib_stm\libLibraries.a(ucg_pixel_font_data.o)
c:\st\stm32cubeide_1.7.0\stm32cubeide\plugins\com.st.stm32cube.ide.mcu.externaltools.gnu-tools-for-stm32.9-2020-q2-update.win32_2.0.0.202105311346\tools\arm-none-eabi\bin\ld.exe: ./Src/main.o: in function `main':
C:/Users/TUAN ANH/STM32CubeIDE/workspace_1.7.0/test/Debug/../Src/main.c:37: undefined reference to `Uciglib4WireSWSPI_begin'
c:\st\stm32cubeide_1.7.0\stm32cubeide\plugins\com.st.stm32cube.ide.mcu.externaltools.gnu-tools-for-stm32.9-2020-q2-update.win32_2.0.0.202105311346\tools\arm-none-eabi\bin\ld.exe: C:/Users/TUAN ANH/STM32CubeIDE/workspace_1.7.0/test/Debug/../Src/main.c:43: undefined reference to `ucg_SetRolate180'
collect2.exe: error: ld returned 1 exit status
make: *** [makefile:67: test.elf] Error 1
"make -j12 all" terminated with exit code 2. Build might be incomplete.

08:39:00 Build Failed. 22 errors, 0 warnings. (took 293ms)

